

Started GET "/" for 93.43.200.26 at 2016-12-03 15:07:39 +0000

ActiveRecord::PendingMigrationError (

Migrations are pending. To resolve this issue, run:

	bin/rake db:migrate RAILS_ENV=development

):
  activerecord (4.1.0) lib/active_record/migration.rb:389:in `check_pending!'
  activerecord (4.1.0) lib/active_record/migration.rb:377:in `call'
  actionpack (4.1.0) lib/action_dispatch/middleware/callbacks.rb:29:in `block in call'
  activesupport (4.1.0) lib/active_support/callbacks.rb:82:in `run_callbacks'
  actionpack (4.1.0) lib/action_dispatch/middleware/callbacks.rb:27:in `call'
  actionpack (4.1.0) lib/action_dispatch/middleware/reloader.rb:73:in `call'
  actionpack (4.1.0) lib/action_dispatch/middleware/remote_ip.rb:76:in `call'
  actionpack (4.1.0) lib/action_dispatch/middleware/debug_exceptions.rb:17:in `call'
  actionpack (4.1.0) lib/action_dispatch/middleware/show_exceptions.rb:30:in `call'
  railties (4.1.0) lib/rails/rack/logger.rb:38:in `call_app'
  railties (4.1.0) lib/rails/rack/logger.rb:20:in `block in call'
  activesupport (4.1.0) lib/active_support/tagged_logging.rb:68:in `block in tagged'
  activesupport (4.1.0) lib/active_support/tagged_logging.rb:26:in `tagged'
  activesupport (4.1.0) lib/active_support/tagged_logging.rb:68:in `tagged'
  railties (4.1.0) lib/rails/rack/logger.rb:20:in `call'
  actionpack (4.1.0) lib/action_dispatch/middleware/request_id.rb:21:in `call'
  rack (1.5.5) lib/rack/methodoverride.rb:21:in `call'
  rack (1.5.5) lib/rack/runtime.rb:17:in `call'
  activesupport (4.1.0) lib/active_support/cache/strategy/local_cache_middleware.rb:26:in `call'
  rack (1.5.5) lib/rack/lock.rb:17:in `call'
  actionpack (4.1.0) lib/action_dispatch/middleware/static.rb:64:in `call'
  rack (1.5.5) lib/rack/sendfile.rb:112:in `call'
  railties (4.1.0) lib/rails/engine.rb:514:in `call'
  railties (4.1.0) lib/rails/application.rb:144:in `call'
  rack (1.5.5) lib/rack/lock.rb:17:in `call'
  rack (1.5.5) lib/rack/content_length.rb:14:in `call'
  rack (1.5.5) lib/rack/handler/webrick.rb:60:in `service'
  /usr/local/rvm/rubies/ruby-2.3.0/lib/ruby/2.3.0/webrick/httpserver.rb:140:in `service'
  /usr/local/rvm/rubies/ruby-2.3.0/lib/ruby/2.3.0/webrick/httpserver.rb:96:in `run'
  /usr/local/rvm/rubies/ruby-2.3.0/lib/ruby/2.3.0/webrick/server.rb:296:in `block in start_thread'


  Rendered /usr/local/rvm/gems/ruby-2.3.0/gems/actionpack-4.1.0/lib/action_dispatch/middleware/templates/rescues/_source.erb (0.5ms)
  Rendered /usr/local/rvm/gems/ruby-2.3.0/gems/actionpack-4.1.0/lib/action_dispatch/middleware/templates/rescues/_trace.html.erb (0.9ms)
  Rendered /usr/local/rvm/gems/ruby-2.3.0/gems/actionpack-4.1.0/lib/action_dispatch/middleware/templates/rescues/_request_and_response.html.erb (0.9ms)
  Rendered /usr/local/rvm/gems/ruby-2.3.0/gems/actionpack-4.1.0/lib/action_dispatch/middleware/templates/rescues/diagnostics.erb within rescues/layout (22.3ms)
  [1m[36m (12.8ms)[0m  [1mCREATE TABLE "schema_migrations" ("version" varchar(255) NOT NULL) [0m
  [1m[35m (0.1ms)[0m  select sqlite_version(*)
  [1m[36m (7.7ms)[0m  [1mCREATE UNIQUE INDEX "unique_schema_migrations" ON "schema_migrations" ("version")[0m
  [1m[35mActiveRecord::SchemaMigration Load (0.1ms)[0m  SELECT "schema_migrations".* FROM "schema_migrations"
Migrating to CreateContacts (20161128211133)
  [1m[36m (0.1ms)[0m  [1mbegin transaction[0m
  [1m[35m (0.4ms)[0m  CREATE TABLE "contacts" ("id" INTEGER PRIMARY KEY AUTOINCREMENT NOT NULL, "name" varchar(255), "email" varchar(255), "comments" text, "created_at" datetime, "updated_at" datetime) 
  [1m[36mSQL (0.2ms)[0m  [1mINSERT INTO "schema_migrations" ("version") VALUES (?)[0m  [["version", "20161128211133"]]
  [1m[35m (13.3ms)[0m  commit transaction
  [1m[36mActiveRecord::SchemaMigration Load (0.1ms)[0m  [1mSELECT "schema_migrations".* FROM "schema_migrations"[0m
  [1m[36mActiveRecord::SchemaMigration Load (0.1ms)[0m  [1mSELECT "schema_migrations".* FROM "schema_migrations"[0m
  [1m[35mActiveRecord::SchemaMigration Load (0.1ms)[0m  SELECT "schema_migrations".* FROM "schema_migrations"


Started GET "/" for 93.43.200.26 at 2016-12-03 15:08:22 +0000
  [1m[36mActiveRecord::SchemaMigration Load (0.1ms)[0m  [1mSELECT "schema_migrations".* FROM "schema_migrations"[0m
Processing by PagesController#home as HTML
  Rendered pages/home.html.erb within layouts/application (1.3ms)
Completed 200 OK in 2190ms (Views: 2182.0ms | ActiveRecord: 0.0ms)


Started GET "/assets/jquery_ujs.js?body=1" for 93.43.200.26 at 2016-12-03 15:08:25 +0000


Started GET "/assets/jquery.js?body=1" for 93.43.200.26 at 2016-12-03 15:08:25 +0000


Started GET "/assets/bootstrap/button.js?body=1" for 93.43.200.26 at 2016-12-03 15:08:25 +0000


Started GET "/assets/bootstrap/carousel.js?body=1" for 93.43.200.26 at 2016-12-03 15:08:25 +0000


Started GET "/assets/bootstrap/collapse.js?body=1" for 93.43.200.26 at 2016-12-03 15:08:25 +0000


Started GET "/assets/bootstrap/dropdown.js?body=1" for 93.43.200.26 at 2016-12-03 15:08:25 +0000


Started GET "/assets/pages.css?body=1" for 93.43.200.26 at 2016-12-03 15:08:25 +0000


Started GET "/assets/bootstrap/scrollspy.js?body=1" for 93.43.200.26 at 2016-12-03 15:08:25 +0000


Started GET "/assets/application.css?body=1" for 93.43.200.26 at 2016-12-03 15:08:25 +0000


Started GET "/assets/bootstrap/affix.js?body=1" for 93.43.200.26 at 2016-12-03 15:08:25 +0000


Started GET "/assets/bootstrap/alert.js?body=1" for 93.43.200.26 at 2016-12-03 15:08:25 +0000


Started GET "/assets/bootstrap/modal.js?body=1" for 93.43.200.26 at 2016-12-03 15:08:25 +0000


Started GET "/assets/bootstrap/popover.js?body=1" for 93.43.200.26 at 2016-12-03 15:08:25 +0000


Started GET "/assets/bootstrap-sprockets.js?body=1" for 93.43.200.26 at 2016-12-03 15:08:25 +0000


Started GET "/assets/turbolinks.js?body=1" for 93.43.200.26 at 2016-12-03 15:08:25 +0000


Started GET "/assets/pages.js?body=1" for 93.43.200.26 at 2016-12-03 15:08:25 +0000


Started GET "/assets/application.js?body=1" for 93.43.200.26 at 2016-12-03 15:08:25 +0000


Started GET "/assets/bootstrap/tab.js?body=1" for 93.43.200.26 at 2016-12-03 15:08:25 +0000


Started GET "/assets/bootstrap/transition.js?body=1" for 93.43.200.26 at 2016-12-03 15:08:25 +0000


Started GET "/assets/bootstrap/tooltip.js?body=1" for 93.43.200.26 at 2016-12-03 15:08:26 +0000


Started GET "/assets/font-awesome/fontawesome-webfont.woff" for 93.43.200.26 at 2016-12-03 15:08:26 +0000
